# JRE version: OpenJDK Runtime Environment (8.0_322) (build 1.8.0_322-ga)
# Java VM: OpenJDK 64-Bit Server VM (25.322-bga mixed mode linux-amd64 compressed oops)
Heap:
 def new generation   total 39296K, used 39211K [0x00000000f8000000, 0x00000000faaa0000, 0x00000000faaa0000)
  eden space 34944K,  99% used [0x00000000f8000000, 0x00000000fa20ac60, 0x00000000fa220000)
  from space 4352K, 100% used [0x00000000fa220000, 0x00000000fa660000, 0x00000000fa660000)
  to   space 4352K,   0% used [0x00000000fa660000, 0x00000000fa660000, 0x00000000faaa0000)
 tenured generation   total 87424K, used 9068K [0x00000000faaa0000, 0x0000000100000000, 0x0000000100000000)
   the space 87424K,  10% used [0x00000000faaa0000, 0x00000000fb37b118, 0x00000000fb37b200, 0x0000000100000000)
 Metaspace       used 30527K, capacity 31834K, committed 32128K, reserved 1077248K
  class space    used 3831K, capacity 4120K, committed 4224K, reserved 1048576K
GC Heap History (6 events):
Event: 8.689 GC heap before
{Heap before GC invocations=0 (full 0):
 def new generation   total 39296K, used 34944K [0x00000000f8000000, 0x00000000faaa0000, 0x00000000faaa0000)
  eden space 34944K, 100% used [0x00000000f8000000, 0x00000000fa220000, 0x00000000fa220000)
  from space 4352K,   0% used [0x00000000fa220000, 0x00000000fa220000, 0x00000000fa660000)
  to   space 4352K,   0% used [0x00000000fa660000, 0x00000000fa660000, 0x00000000faaa0000)
 tenured generation   total 87424K, used 0K [0x00000000faaa0000, 0x0000000100000000, 0x0000000100000000)
   the space 87424K,   0% used [0x00000000faaa0000, 0x00000000faaa0000, 0x00000000faaa0200, 0x0000000100000000)
 Metaspace       used 16195K, capacity 16446K, committed 16768K, reserved 1064960K
  class space    used 1988K, capacity 2070K, committed 2176K, reserved 1048576K
Event: 8.786 GC heap after
Heap after GC invocations=1 (full 0):
 def new generation   total 39296K, used 4352K [0x00000000f8000000, 0x00000000faaa0000, 0x00000000faaa0000)
  eden space 34944K,   0% used [0x00000000f8000000, 0x00000000f8000000, 0x00000000fa220000)
  from space 4352K, 100% used [0x00000000fa660000, 0x00000000faaa0000, 0x00000000faaa0000)
  to   space 4352K,   0% used [0x00000000fa220000, 0x00000000fa220000, 0x00000000fa660000)
 tenured generation   total 87424K, used 4834K [0x00000000faaa0000, 0x0000000100000000, 0x0000000100000000)
   the space 87424K,   5% used [0x00000000faaa0000, 0x00000000faf58a90, 0x00000000faf58c00, 0x0000000100000000)
 Metaspace       used 16195K, capacity 16446K, committed 16768K, reserved 1064960K
  class space    used 1988K, capacity 2070K, committed 2176K, reserved 1048576K
}
Event: 13.676 GC heap before
{Heap before GC invocations=1 (full 0):
 def new generation   total 39296K, used 21964K [0x00000000f8000000, 0x00000000faaa0000, 0x00000000faaa0000)
  eden space 34944K,  50% used [0x00000000f8000000, 0x00000000f91332f8, 0x00000000fa220000)
  from space 4352K, 100% used [0x00000000fa660000, 0x00000000faaa0000, 0x00000000faaa0000)
  to   space 4352K,   0% used [0x00000000fa220000, 0x00000000fa220000, 0x00000000fa660000)
 tenured generation   total 87424K, used 4834K [0x00000000faaa0000, 0x0000000100000000, 0x0000000100000000)
   the space 87424K,   5% used [0x00000000faaa0000, 0x00000000faf58a90, 0x00000000faf58c00, 0x0000000100000000)
 Metaspace       used 20679K, capacity 21036K, committed 21248K, reserved 1067008K
  class space    used 2582K, capacity 2699K, committed 2816K, reserved 1048576K
Event: 13.976 GC heap after
Heap after GC invocations=2 (full 1):
 def new generation   total 39296K, used 0K [0x00000000f8000000, 0x00000000faaa0000, 0x00000000faaa0000)
  eden space 34944K,   0% used [0x00000000f8000000, 0x00000000f8000000, 0x00000000fa220000)
  from space 4352K,   0% used [0x00000000fa660000, 0x00000000fa660000, 0x00000000faaa0000)
  to   space 4352K,   0% used [0x00000000fa220000, 0x00000000fa220000, 0x00000000fa660000)
 tenured generation   total 87424K, used 7507K [0x00000000faaa0000, 0x0000000100000000, 0x0000000100000000)
   the space 87424K,   8% used [0x00000000faaa0000, 0x00000000fb1f4f00, 0x00000000fb1f5000, 0x0000000100000000)
 Metaspace       used 20679K, capacity 21036K, committed 21248K, reserved 1067008K
  class space    used 2582K, capacity 2699K, committed 2816K, reserved 1048576K
}
Event: 1941.290 GC heap before
{Heap before GC invocations=2 (full 1):
 def new generation   total 39296K, used 32231K [0x00000000f8000000, 0x00000000faaa0000, 0x00000000faaa0000)
  eden space 34944K,  92% used [0x00000000f8000000, 0x00000000f9f79ea0, 0x00000000fa220000)
  from space 4352K,   0% used [0x00000000fa660000, 0x00000000fa660000, 0x00000000faaa0000)
  to   space 4352K,   0% used [0x00000000fa220000, 0x00000000fa220000, 0x00000000fa660000)
 tenured generation   total 87424K, used 7507K [0x00000000faaa0000, 0x0000000100000000, 0x0000000100000000)
   the space 87424K,   8% used [0x00000000faaa0000, 0x00000000fb1f4f00, 0x00000000fb1f5000, 0x0000000100000000)
 Metaspace       used 28559K, capacity 29792K, committed 30080K, reserved 1075200K
  class space    used 3620K, capacity 3859K, committed 3968K, reserved 1048576K
Event: 1941.385 GC heap after
Heap after GC invocations=3 (full 1):
 def new generation   total 39296K, used 4352K [0x00000000f8000000, 0x00000000faaa0000, 0x00000000faaa0000)
  eden space 34944K,   0% used [0x00000000f8000000, 0x00000000f8000000, 0x00000000fa220000)
  from space 4352K, 100% used [0x00000000fa220000, 0x00000000fa660000, 0x00000000fa660000)
  to   space 4352K,   0% used [0x00000000fa660000, 0x00000000fa660000, 0x00000000faaa0000)
 tenured generation   total 87424K, used 9068K [0x00000000faaa0000, 0x0000000100000000, 0x0000000100000000)
   the space 87424K,  10% used [0x00000000faaa0000, 0x00000000fb37b118, 0x00000000fb37b200, 0x0000000100000000)
 Metaspace       used 28559K, capacity 29792K, committed 30080K, reserved 1075200K
  class space    used 3620K, capacity 3859K, committed 3968K, reserved 1048576K
}

